!SESSION 2014-05-29 22:57:19.151 -----------------------------------------------
eclipse.buildId=4.3.2.M20140221-1700
java.version=1.8.0
java.vendor=Oracle Corporation
BootLoader constants: OS=linux, ARCH=x86_64, WS=gtk, NL=en_AU
Framework arguments:  -product org.eclipse.epp.package.java.product
Command-line arguments:  -data /home/hari/Dropbox/SENG3011/GUI -os linux -ws gtk -arch x86_64 -product org.eclipse.epp.package.java.product

!ENTRY org.eclipse.objectteams.otequinox.hook 1 0 2014-05-29 22:57:19.497
!MESSAGE Created equinox adaptor hook: org.eclipse.objectteams.otequinox.internal.hook.TransformerHook.
 	(To disable this and subsequent INFO messages from OT/Equinox set otequinox.debug to WARN or ERROR).

!ENTRY org.eclipse.objectteams.otequinox.hook 1 0 2014-05-29 22:57:21.255
!MESSAGE OT/Equinox: connected the transformer service

!ENTRY org.eclipse.objectteams.otequinox.hook 1 0 2014-05-29 22:57:24.146
!MESSAGE hot-patched a bug in class org.apache.bcel.generic.InstructionHandle
	see https://bugs.eclipse.org/bugs/show_bug.cgi?id=344350

!ENTRY org.eclipse.objectteams.otequinox.hook 1 0 2014-05-29 22:57:24.147
!MESSAGE hot-patched a bug in class org.apache.bcel.generic.BranchHandle
	see https://bugs.eclipse.org/bugs/show_bug.cgi?id=344350

!ENTRY org.eclipse.ui 2 0 2014-05-29 22:57:26.575
!MESSAGE Warnings while parsing the commands from the 'org.eclipse.ui.commands' and 'org.eclipse.ui.actionDefinitions' extension points.
!SUBENTRY 1 org.eclipse.ui 2 0 2014-05-29 22:57:26.575
!MESSAGE Commands should really have a category: plug-in='org.eclipse.linuxtools.systemtap.ui.graphing', id='org.eclipse.linuxtools.systemtap.ui.graphing.commands.SaveGraphImage', categoryId='org.eclipse.linuxtools.systemtap.ui.graphing.category.file'

!ENTRY org.eclipse.ui 2 0 2014-05-29 22:57:28.167
!MESSAGE Warnings while parsing the commands from the 'org.eclipse.ui.commands' and 'org.eclipse.ui.actionDefinitions' extension points.
!SUBENTRY 1 org.eclipse.ui 2 0 2014-05-29 22:57:28.167
!MESSAGE Commands should really have a category: plug-in='org.eclipse.linuxtools.systemtap.ui.graphing', id='org.eclipse.linuxtools.systemtap.ui.graphing.commands.SaveGraphImage', categoryId='org.eclipse.linuxtools.systemtap.ui.graphing.category.file'

!ENTRY org.eclipse.jface 2 0 2014-05-29 22:57:40.023
!MESSAGE Keybinding conflicts occurred.  They may interfere with normal accelerator operation.
!SUBENTRY 1 org.eclipse.jface 2 0 2014-05-29 22:57:40.023
!MESSAGE A conflict occurred for ALT+SHIFT+D R:
Binding(ALT+SHIFT+D R,
	ParameterizedCommand(Command(org.eclipse.rap.ui.launch.RAPLaunchShortcut.debug,Debug RAP Application,
		Debug RAP Application,
		Category(org.eclipse.debug.ui.category.run,Run/Debug,Run/Debug command category,true),
		org.eclipse.ui.internal.WorkbenchHandlerServiceHandler@5dfb7885,
		,,true),null),
	org.eclipse.ui.defaultAcceleratorConfiguration,
	org.eclipse.ui.contexts.window,,,system)
Binding(ALT+SHIFT+D R,
	ParameterizedCommand(Command(org.eclipse.wst.server.launchShortcut.debug,Debug on Server,
		Debug the current selection on a server,
		Category(org.eclipse.debug.ui.category.run,Run/Debug,Run/Debug command category,true),
		org.eclipse.ui.internal.WorkbenchHandlerServiceHandler@445b397f,
		,,true),null),
	org.eclipse.ui.defaultAcceleratorConfiguration,
	org.eclipse.ui.contexts.window,,,system)
!SUBENTRY 1 org.eclipse.jface 2 0 2014-05-29 22:57:40.023
!MESSAGE A conflict occurred for ALT+SHIFT+X R:
Binding(ALT+SHIFT+X R,
	ParameterizedCommand(Command(org.eclipse.rap.ui.launch.RAPLaunchShortcut.run,Run RAP Application,
		Run RAP Application,
		Category(org.eclipse.debug.ui.category.run,Run/Debug,Run/Debug command category,true),
		org.eclipse.ui.internal.WorkbenchHandlerServiceHandler@569935cf,
		,,true),null),
	org.eclipse.ui.defaultAcceleratorConfiguration,
	org.eclipse.ui.contexts.window,,,system)
Binding(ALT+SHIFT+X R,
	ParameterizedCommand(Command(org.eclipse.wst.server.launchShortcut.run,Run on Server,
		Run the current selection on a server,
		Category(org.eclipse.debug.ui.category.run,Run/Debug,Run/Debug command category,true),
		org.eclipse.ui.internal.WorkbenchHandlerServiceHandler@479c8d,
		,,true),null),
	org.eclipse.ui.defaultAcceleratorConfiguration,
	org.eclipse.ui.contexts.window,,,system)
!SUBENTRY 1 org.eclipse.jface 2 0 2014-05-29 22:57:40.023
!MESSAGE A conflict occurred for ALT+SHIFT+Q E:
Binding(ALT+SHIFT+Q E,
	ParameterizedCommand(Command(org.eclipse.php.ui.explorer,PHP Script Explorer,
		Shows the Script Explorer,
		Category(org.eclipse.ui.category.views,Views,Commands for opening views,true),
		org.eclipse.ui.internal.WorkbenchHandlerServiceHandler@6fee350,
		,,true),null),
	org.eclipse.ui.defaultAcceleratorConfiguration,
	org.eclipse.ui.contexts.window,,,system)
Binding(ALT+SHIFT+Q E,
	ParameterizedCommand(Command(org.eclipse.ui.views.showView,Show View,
		Shows a particular view,
		Category(org.eclipse.ui.category.views,Views,Commands for opening views,true),
		org.eclipse.ui.internal.WorkbenchHandlerServiceHandler@1b73b231,
		[Lorg.eclipse.e4.ui.internal.workbench.Parameter;@45bcbdd,,true),[Lorg.eclipse.core.commands.Parameterization;@38449c2f),
	org.eclipse.ui.defaultAcceleratorConfiguration,
	org.eclipse.ui.contexts.window,,,system)
